<?xml version="1.0" encoding="utf-8"?><testsuites name="pytest tests"><testsuite name="pytest" errors="0" failures="0" skipped="0" tests="16" time="2.574" timestamp="2026-04-24T15:17:04.346428+00:00" hostname="agent-env-510865ea-8648-4f85-ae71-ef45841cb0fc"><testcase classname="backend.tests.backend_test.TestAuth" name="test_login_success" time="0.497" /><testcase classname="backend.tests.backend_test.TestAuth" name="test_login_wrong_password" time="0.278" /><testcase classname="backend.tests.backend_test.TestAuth" name="test_login_unknown_user" time="0.056" /><testcase classname="backend.tests.backend_test.TestAuth" name="test_me_with_token" time="0.337" /><testcase classname="backend.tests.backend_test.TestAuth" name="test_me_without_token" time="0.057" /><testcase classname="backend.tests.backend_test.TestAuth" name="test_me_with_bad_token" time="0.054" /><testcase classname="backend.tests.backend_test.TestBeats" name="test_list_beats_public" time="0.050" /><testcase classname="backend.tests.backend_test.TestBeats" name="test_create_beat_unauthorized" time="0.067" /><testcase classname="backend.tests.backend_test.TestBeats" name="test_create_beat_and_fetch_uploads_and_delete" time="0.522" /><testcase classname="backend.tests.backend_test.TestBeats" name="test_create_beat_rejects_non_image_cover" time="0.061" /><testcase classname="backend.tests.backend_test.TestContact" name="test_create_contact_valid" time="0.053" /><testcase classname="backend.tests.backend_test.TestContact" name="test_create_contact_invalid_email" time="0.050" /><testcase classname="backend.tests.backend_test.TestContact" name="test_create_contact_empty_message" time="0.048" /><testcase classname="backend.tests.backend_test.TestContact" name="test_create_contact_empty_name" time="0.049" /><testcase classname="backend.tests.backend_test.TestContact" name="test_list_contacts_unauthorized" time="0.047" /><testcase classname="backend.tests.backend_test.TestContact" name="test_list_contacts_as_admin" time="0.112" /></testsuite></testsuites>